GROUP,PACKAGE,CLASS,INSTRUCTION_MISSED,INSTRUCTION_COVERED,BRANCH_MISSED,BRANCH_COVERED,LINE_MISSED,LINE_COVERED,COMPLEXITY_MISSED,COMPLEXITY_COVERED,METHOD_MISSED,METHOD_COVERED
dubbo-demo-xml-provider/dubbo-config-spring,org.apache.dubbo.config.spring.context.annotation,DubboConfigBindingsRegistrar,50,0,2,0,12,0,4,0,3,0
dubbo-demo-xml-provider/dubbo-config-spring,org.apache.dubbo.config.spring.context.annotation,DubboComponentScanRegistrar,99,0,4,0,25,0,7,0,5,0
dubbo-demo-xml-provider/dubbo-config-spring,org.apache.dubbo.config.spring.context.annotation,DubboConfigConfiguration.Single,3,0,0,0,1,0,1,0,1,0
dubbo-demo-xml-provider/dubbo-config-spring,org.apache.dubbo.config.spring.context.annotation,DubboConfigConfiguration.Multiple,3,0,0,0,1,0,1,0,1,0
dubbo-demo-xml-provider/dubbo-config-spring,org.apache.dubbo.config.spring.context.annotation,DubboConfigConfiguration,3,0,0,0,1,0,1,0,1,0
dubbo-demo-xml-provider/dubbo-config-spring,org.apache.dubbo.config.spring.context.annotation,DubboConfigBindingRegistrar,267,0,20,0,58,0,20,0,10,0
dubbo-demo-xml-provider/dubbo-config-spring,org.apache.dubbo.config.spring.context.annotation,DubboClassPathBeanDefinitionScanner,29,0,0,0,9,0,4,0,4,0
dubbo-demo-xml-provider/dubbo-config-spring,org.apache.dubbo.config.spring.context.annotation,DubboConfigConfigurationRegistrar,32,0,2,0,8,0,3,0,2,0
dubbo-demo-xml-provider/dubbo-config-spring,org.apache.dubbo.config.spring.context.config,NamePropertyDefaultValueDubboConfigBeanCustomizer,52,0,10,0,15,0,8,0,3,0
dubbo-demo-xml-provider/dubbo-config-spring,org.apache.dubbo.config.spring.status,DataSourceStatusChecker,143,0,14,0,37,0,10,0,3,0
dubbo-demo-xml-provider/dubbo-config-spring,org.apache.dubbo.config.spring.status,SpringStatusChecker,139,0,28,0,39,0,17,0,3,0
dubbo-demo-xml-provider/dubbo-config-spring,org.apache.dubbo.config.spring.beans.factory.annotation,AnnotationInjectedBeanPostProcessor,556,0,50,0,119,0,50,0,25,0
dubbo-demo-xml-provider/dubbo-config-spring,org.apache.dubbo.config.spring.beans.factory.annotation,ReferenceBeanBuilder.new PropertyEditorSupport() {...},31,0,2,0,9,0,3,0,2,0
dubbo-demo-xml-provider/dubbo-config-spring,org.apache.dubbo.config.spring.beans.factory.annotation,AnnotationPropertyValuesAdapter,65,0,0,0,16,0,10,0,10,0
dubbo-demo-xml-provider/dubbo-config-spring,org.apache.dubbo.config.spring.beans.factory.annotation,AnnotationBeanNameBuilder,139,0,6,0,33,0,14,0,11,0
dubbo-demo-xml-provider/dubbo-config-spring,org.apache.dubbo.config.spring.beans.factory.annotation,ServiceAnnotationBeanPostProcessor,629,0,58,0,137,0,49,0,20,0
dubbo-demo-xml-provider/dubbo-config-spring,org.apache.dubbo.config.spring.beans.factory.annotation,DubboConfigBindingBeanPostProcessor,189,0,12,0,56,0,22,0,16,0
dubbo-demo-xml-provider/dubbo-config-spring,org.apache.dubbo.config.spring.beans.factory.annotation,AnnotationInjectedBeanPostProcessor.AnnotatedMethodElement,43,0,0,0,10,0,2,0,2,0
dubbo-demo-xml-provider/dubbo-config-spring,org.apache.dubbo.config.spring.beans.factory.annotation,AbstractAnnotationConfigBeanBuilder,152,0,2,0,45,0,11,0,10,0
dubbo-demo-xml-provider/dubbo-config-spring,org.apache.dubbo.config.spring.beans.factory.annotation,ReferenceAnnotationBeanPostProcessor.ReferenceBeanInvocationHandler,30,0,2,0,12,0,4,0,3,0
dubbo-demo-xml-provider/dubbo-config-spring,org.apache.dubbo.config.spring.beans.factory.annotation,ReferenceBeanBuilder,183,0,10,0,43,0,18,0,13,0
dubbo-demo-xml-provider/dubbo-config-spring,org.apache.dubbo.config.spring.beans.factory.annotation,AnnotationInjectedBeanPostProcessor.AnnotatedFieldElement,37,0,0,0,10,0,2,0,2,0
dubbo-demo-xml-provider/dubbo-config-spring,org.apache.dubbo.config.spring.beans.factory.annotation,AnnotationInjectedBeanPostProcessor.AnnotatedInjectionMetadata,30,0,0,0,7,0,3,0,3,0
dubbo-demo-xml-provider/dubbo-config-spring,org.apache.dubbo.config.spring.beans.factory.annotation,ReferenceAnnotationBeanPostProcessor,262,0,16,0,63,0,26,0,18,0
dubbo-demo-xml-provider/dubbo-config-spring,org.apache.dubbo.config.spring.extension,SpringExtensionFactory,162,0,18,0,37,0,16,0,7,0
dubbo-demo-xml-provider/dubbo-config-spring,org.apache.dubbo.config.spring.extension,SpringExtensionFactory.ShutdownHookListener,8,0,2,0,4,0,2,0,1,0
dubbo-demo-xml-provider/dubbo-config-spring,org.apache.dubbo.config.spring.context.event,ServiceBeanExportedEvent,8,0,0,0,3,0,2,0,2,0
dubbo-demo-xml-provider/dubbo-config-spring,org.apache.dubbo.config.spring.context.properties,DefaultDubboConfigBinder,30,0,0,0,8,0,2,0,2,0
dubbo-demo-xml-provider/dubbo-config-spring,org.apache.dubbo.config.spring.context.properties,AbstractDubboConfigBinder,35,0,2,0,13,0,8,0,7,0
dubbo-demo-xml-provider/dubbo-config-spring,org.apache.dubbo.config.spring,ServiceBean,833,0,220,0,168,0,125,0,15,0
dubbo-demo-xml-provider/dubbo-config-spring,org.apache.dubbo.config.spring,ReferenceBean,602,0,164,0,113,0,91,0,9,0
dubbo-demo-xml-provider/dubbo-config-spring,org.apache.dubbo.config.spring,ConfigCenterBean,220,0,36,0,51,0,30,0,12,0
dubbo-demo-xml-provider/dubbo-config-spring,org.apache.dubbo.config.spring.schema,AnnotationBeanDefinitionParser,33,0,0,0,11,0,5,0,5,0
dubbo-demo-xml-provider/dubbo-config-spring,org.apache.dubbo.config.spring.schema,DubboBeanDefinitionParser,1166,0,242,0,220,0,131,0,10,0
dubbo-demo-xml-provider/dubbo-config-spring,org.apache.dubbo.config.spring.schema,DubboNamespaceHandler,109,0,0,0,17,0,3,0,3,0
dubbo-demo-xml-provider/dubbo-config-spring,org.apache.dubbo.config.spring.util,ClassUtils,15,0,0,0,4,0,2,0,2,0
dubbo-demo-xml-provider/dubbo-config-spring,org.apache.dubbo.config.spring.util,BeanRegistrar,20,0,2,0,6,0,3,0,2,0
dubbo-demo-xml-provider/dubbo-config-spring,org.apache.dubbo.config.spring.util,PropertySourcesUtils.new AbstractEnvironment() {...},3,0,0,0,1,0,1,0,1,0
dubbo-demo-xml-provider/dubbo-config-spring,org.apache.dubbo.config.spring.util,PropertySourcesUtils,122,0,18,0,23,0,13,0,4,0
dubbo-demo-xml-provider/dubbo-config-spring,org.apache.dubbo.config.spring.util,BeanFactoryUtils,119,0,10,0,24,0,9,0,4,0
dubbo-demo-xml-provider/dubbo-config-spring,org.apache.dubbo.config.spring.util,ObjectUtils,5,0,0,0,2,0,2,0,2,0
dubbo-demo-xml-provider/dubbo-config-spring,org.apache.dubbo.config.spring.util,AnnotatedBeanDefinitionRegistryUtils,42,0,4,0,10,0,5,0,3,0
dubbo-demo-xml-provider/dubbo-config-spring,org.apache.dubbo.config.spring.util,AnnotationUtils,350,0,56,0,77,0,37,0,8,0
dubbo-demo-xml-provider/dubbo-registry-zookeeper,org.apache.dubbo.registry.zookeeper,ZookeeperRegistryFactory,14,0,0,0,4,0,3,0,3,0
dubbo-demo-xml-provider/dubbo-registry-zookeeper,org.apache.dubbo.registry.zookeeper,ZookeeperRegistry,793,0,64,0,141,0,52,0,20,0
dubbo-demo-xml-provider/dubbo-registry-multicast,org.apache.dubbo.registry.multicast,MulticastRegistry.new Runnable() {...},69,0,6,0,16,0,5,0,2,0
dubbo-demo-xml-provider/dubbo-registry-multicast,org.apache.dubbo.registry.multicast,MulticastRegistry.new Runnable() {...},24,0,0,0,6,0,2,0,2,0
dubbo-demo-xml-provider/dubbo-registry-multicast,org.apache.dubbo.registry.multicast,MulticastRegistry,959,0,112,0,201,0,81,0,25,0
dubbo-demo-xml-provider/dubbo-registry-multicast,org.apache.dubbo.registry.multicast,MulticastRegistryFactory,8,0,0,0,2,0,2,0,2,0
dubbo-demo-xml-provider/dubbo-rpc-dubbo,org.apache.dubbo.rpc.protocol.dubbo,ReferenceCountExchangeClient,180,0,8,0,54,0,28,0,24,0
dubbo-demo-xml-provider/dubbo-rpc-dubbo,org.apache.dubbo.rpc.protocol.dubbo,DubboCodec,397,0,44,0,98,0,30,0,8,0
dubbo-demo-xml-provider/dubbo-rpc-dubbo,org.apache.dubbo.rpc.protocol.dubbo,CallbackServiceCodec,742,0,58,0,136,0,46,0,15,0
dubbo-demo-xml-provider/dubbo-rpc-dubbo,org.apache.dubbo.rpc.protocol.dubbo,ChannelWrappedInvoker.ChannelWrapper,92,0,8,0,24,0,20,0,16,0
dubbo-demo-xml-provider/dubbo-rpc-dubbo,org.apache.dubbo.rpc.protocol.dubbo,FutureAdapter,56,0,0,0,20,0,8,0,8,0
dubbo-demo-xml-provider/dubbo-rpc-dubbo,org.apache.dubbo.rpc.protocol.dubbo,ChannelWrappedInvoker,128,0,4,0,24,0,5,0,3,0
dubbo-demo-xml-provider/dubbo-rpc-dubbo,org.apache.dubbo.rpc.protocol.dubbo,DubboProtocol,1043,0,114,0,212,0,80,0,23,0
dubbo-demo-xml-provider/dubbo-rpc-dubbo,org.apache.dubbo.rpc.protocol.dubbo,DecodeableRpcInvocation,229,0,24,0,56,0,17,0,5,0
dubbo-demo-xml-provider/dubbo-rpc-dubbo,org.apache.dubbo.rpc.protocol.dubbo,DubboExporter,19,0,0,0,7,0,2,0,2,0
dubbo-demo-xml-provider/dubbo-rpc-dubbo,org.apache.dubbo.rpc.protocol.dubbo,DecodeableRpcResult,234,0,23,0,68,0,23,0,9,0
dubbo-demo-xml-provider/dubbo-rpc-dubbo,org.apache.dubbo.rpc.protocol.dubbo,FutureAdapter.new ResponseCallback() {...},52,0,0,0,15,0,3,0,3,0
dubbo-demo-xml-provider/dubbo-rpc-dubbo,org.apache.dubbo.rpc.protocol.dubbo,LazyConnectExchangeClient,287,0,30,0,85,0,41,0,26,0
dubbo-demo-xml-provider/dubbo-rpc-dubbo,org.apache.dubbo.rpc.protocol.dubbo,DubboProtocol.new ExchangeHandlerAdapter() {...},310,0,30,0,55,0,23,0,8,0
dubbo-demo-xml-provider/dubbo-rpc-dubbo,org.apache.dubbo.rpc.protocol.dubbo,DubboCountCodec,93,0,12,0,32,0,10,0,4,0
dubbo-demo-xml-provider/dubbo-rpc-dubbo,org.apache.dubbo.rpc.protocol.dubbo,DubboInvoker,315,0,24,0,60,0,17,0,5,0
dubbo-demo-xml-provider/dubbo-rpc-dubbo,org.apache.dubbo.rpc.protocol.dubbo.filter,FutureFilter,497,0,70,0,110,0,46,0,11,0
dubbo-demo-xml-provider/dubbo-rpc-dubbo,org.apache.dubbo.rpc.protocol.dubbo.filter,TraceFilter,280,0,32,0,56,0,21,0,5,0
dubbo-demo-xml-provider/dubbo-rpc-dubbo,org.apache.dubbo.rpc.protocol.dubbo.telnet,ListTelnetHandler,353,0,54,0,76,0,38,0,11,0
dubbo-demo-xml-provider/dubbo-rpc-dubbo,org.apache.dubbo.rpc.protocol.dubbo.telnet,CurrentTelnetHandler,43,0,6,0,9,0,5,0,2,0
dubbo-demo-xml-provider/dubbo-rpc-dubbo,org.apache.dubbo.rpc.protocol.dubbo.telnet,SelectTelnetHandler,72,0,12,0,14,0,8,0,2,0
dubbo-demo-xml-provider/dubbo-rpc-dubbo,org.apache.dubbo.rpc.protocol.dubbo.telnet,CountTelnetHandler.new Runnable() {...},79,0,4,0,16,0,4,0,2,0
dubbo-demo-xml-provider/dubbo-rpc-dubbo,org.apache.dubbo.rpc.protocol.dubbo.telnet,LogTelnetHandler,191,0,14,0,35,0,9,0,2,0
dubbo-demo-xml-provider/dubbo-rpc-dubbo,org.apache.dubbo.rpc.protocol.dubbo.telnet,TraceTelnetHandler,207,0,44,0,37,0,24,0,2,0
dubbo-demo-xml-provider/dubbo-rpc-dubbo,org.apache.dubbo.rpc.protocol.dubbo.telnet,ShutdownTelnetHandler,85,0,10,0,22,0,7,0,2,0
dubbo-demo-xml-provider/dubbo-rpc-dubbo,org.apache.dubbo.rpc.protocol.dubbo.telnet,PortTelnetHandler,194,0,30,0,39,0,17,0,2,0
dubbo-demo-xml-provider/dubbo-rpc-dubbo,org.apache.dubbo.rpc.protocol.dubbo.telnet,CountTelnetHandler,433,0,52,0,77,0,29,0,3,0
dubbo-demo-xml-provider/dubbo-rpc-dubbo,org.apache.dubbo.rpc.protocol.dubbo.telnet,InvokeTelnetHandler,560,0,86,0,129,0,51,0,8,0
dubbo-demo-xml-provider/dubbo-rpc-dubbo,org.apache.dubbo.rpc.protocol.dubbo.telnet,ChangeTelnetHandler,116,0,18,0,22,0,11,0,2,0
dubbo-demo-xml-provider/dubbo-rpc-dubbo,org.apache.dubbo.rpc.protocol.dubbo.status,ThreadPoolStatusChecker,125,0,12,0,25,0,8,0,2,0
dubbo-demo-xml-provider/dubbo-rpc-dubbo,org.apache.dubbo.rpc.protocol.dubbo.status,ServerStatusChecker,80,0,10,0,20,0,7,0,2,0
dubbo-demo-xml-provider/dubbo-remoting-netty4,org.apache.dubbo.remoting.transport.netty4,NettyClient.new ChannelInitializer() {...},81,0,2,0,14,0,3,0,2,0
dubbo-demo-xml-provider/dubbo-remoting-netty4,org.apache.dubbo.remoting.transport.netty4,NettyCodecAdapter.InternalDecoder,60,0,8,0,15,0,6,0,2,0
dubbo-demo-xml-provider/dubbo-remoting-netty4,org.apache.dubbo.remoting.transport.netty4,NettyTransporter,15,0,0,0,3,0,3,0,3,0
dubbo-demo-xml-provider/dubbo-remoting-netty4,org.apache.dubbo.remoting.transport.netty4,NettyChannel,339,0,44,0,88,0,38,0,16,0
dubbo-demo-xml-provider/dubbo-remoting-netty4,org.apache.dubbo.remoting.transport.netty4,NettyCodecAdapter.InternalEncoder,33,0,0,0,7,0,2,0,2,0
dubbo-demo-xml-provider/dubbo-remoting-netty4,org.apache.dubbo.remoting.transport.netty4,NettyServer,223,0,16,0,56,0,16,0,8,0
dubbo-demo-xml-provider/dubbo-remoting-netty4,org.apache.dubbo.remoting.transport.netty4,NettyBackedChannelBuffer,478,0,10,0,126,0,67,0,62,0
dubbo-demo-xml-provider/dubbo-remoting-netty4,org.apache.dubbo.remoting.transport.netty4,NettyServerHandler,175,0,8,0,42,0,13,0,9,0
dubbo-demo-xml-provider/dubbo-remoting-netty4,org.apache.dubbo.remoting.transport.netty4,NettyClient,267,0,22,0,55,0,19,0,8,0
dubbo-demo-xml-provider/dubbo-remoting-netty4,org.apache.dubbo.remoting.transport.netty4,NettyChannelManager,56,0,0,0,11,0,5,0,5,0
dubbo-demo-xml-provider/dubbo-remoting-netty4,org.apache.dubbo.remoting.transport.netty4,NettyServer.new ChannelInitializer() {...},52,0,0,0,9,0,2,0,2,0
dubbo-demo-xml-provider/dubbo-remoting-netty4,org.apache.dubbo.remoting.transport.netty4,NettyCodecAdapter,32,0,0,0,9,0,3,0,3,0
dubbo-demo-xml-provider/dubbo-remoting-netty4,org.apache.dubbo.remoting.transport.netty4,DirectServiceUtil,3,0,0,0,1,0,1,0,1,0
dubbo-demo-xml-provider/dubbo-remoting-netty4,org.apache.dubbo.remoting.transport.netty4,NettyClientHandler,217,0,14,0,57,0,17,0,10,0
dubbo-demo-xml-provider/dubbo-remoting-netty4,org.apache.dubbo.remoting.transport.netty4.logging,FormattingTuple,64,0,4,0,19,0,9,0,7,0
dubbo-demo-xml-provider/dubbo-remoting-netty4,org.apache.dubbo.remoting.transport.netty4.logging,MessageFormatter,685,0,86,0,153,0,61,0,18,0
dubbo-demo-xml-provider/dubbo-serialization-hessian2,org.apache.dubbo.common.serialize.hessian2,Hessian2Serialization,17,0,0,0,5,0,5,0,5,0
dubbo-demo-xml-provider/dubbo-serialization-hessian2,org.apache.dubbo.common.serialize.hessian2,Hessian2SerializerFactory,8,0,0,0,2,0,2,0,2,0
dubbo-demo-xml-provider/dubbo-serialization-hessian2,org.apache.dubbo.common.serialize.hessian2,Hessian2ObjectOutput,75,0,0,0,28,0,13,0,13,0
dubbo-demo-xml-provider/dubbo-serialization-hessian2,org.apache.dubbo.common.serialize.hessian2,Hessian2ObjectInput,65,0,0,0,16,0,13,0,13,0
dubbo-demo-xml-provider/dubbo-configcenter-zookeeper,org.apache.dubbo.configcenter.support.zookeeper,ZookeeperDynamicConfigurationFactory,14,0,0,0,4,0,3,0,3,0
dubbo-demo-xml-provider/dubbo-configcenter-zookeeper,org.apache.dubbo.configcenter.support.zookeeper,CacheListener,133,0,22,0,37,0,19,0,7,0
dubbo-demo-xml-provider/dubbo-configcenter-zookeeper,org.apache.dubbo.configcenter.support.zookeeper,ZookeeperDynamicConfiguration,149,0,2,0,24,0,7,0,6,0
dubbo-demo-xml-provider/dubbo-metadata-report-zookeeper,org.apache.dubbo.metadata.store.zookeeper,ZookeeperMetadataReportFactory,14,0,0,0,4,0,3,0,3,0
dubbo-demo-xml-provider/dubbo-metadata-report-zookeeper,org.apache.dubbo.metadata.store.zookeeper,ZookeeperMetadataReport,91,0,6,0,20,0,10,0,7,0
dubbo-demo-xml-provider/dubbo-metadata-report-redis,org.apache.dubbo.metadata.store.redis,RedisMetadataReport,94,0,0,0,16,0,5,0,5,0
dubbo-demo-xml-provider/dubbo-metadata-report-redis,org.apache.dubbo.metadata.store.redis,RedisMetadataReportFactory,8,0,0,0,2,0,2,0,2,0
dubbo-demo-xml-provider/dubbo-qos,org.apache.dubbo.qos.protocol,QosProtocolWrapper,130,0,12,0,39,0,14,0,8,0
dubbo-demo-xml-provider/dubbo-qos,org.apache.dubbo.qos.command.util,CommandHelper,65,0,6,0,17,0,7,0,4,0
dubbo-demo-xml-provider/dubbo-qos,org.apache.dubbo.qos.textui,TKv,134,0,6,0,24,0,8,0,5,0
dubbo-demo-xml-provider/dubbo-qos,org.apache.dubbo.qos.textui,TTree,172,0,14,0,34,0,16,0,9,0
dubbo-demo-xml-provider/dubbo-qos,org.apache.dubbo.qos.textui,TTable,721,0,105,0,140,0,69,0,16,0
dubbo-demo-xml-provider/dubbo-qos,org.apache.dubbo.qos.textui,TTable.Border,62,0,6,0,13,0,9,0,6,0
dubbo-demo-xml-provider/dubbo-qos,org.apache.dubbo.qos.textui,TTree.new TTree.Callback() {...},136,0,16,0,26,0,10,0,2,0
dubbo-demo-xml-provider/dubbo-qos,org.apache.dubbo.qos.textui,TTable.ColumnDefine,70,0,4,0,22,0,9,0,7,0
dubbo-demo-xml-provider/dubbo-qos,org.apache.dubbo.qos.textui,TTree.Node,55,0,2,0,16,0,7,0,6,0
dubbo-demo-xml-provider/dubbo-qos,org.apache.dubbo.qos.textui,TTable.Align,34,0,0,0,4,0,1,0,1,0
dubbo-demo-xml-provider/dubbo-qos,org.apache.dubbo.qos.textui,TLadder,60,0,4,0,19,0,5,0,3,0
dubbo-demo-xml-provider/dubbo-qos,org.apache.dubbo.qos.server,DubboLogo,25,0,0,0,6,0,2,0,2,0
dubbo-demo-xml-provider/dubbo-qos,org.apache.dubbo.qos.server,Server,164,0,6,0,41,0,15,0,12,0
dubbo-demo-xml-provider/dubbo-qos,org.apache.dubbo.qos.server,Server.new ChannelInitializer() {...},25,0,0,0,3,0,2,0,2,0
dubbo-demo-xml-provider/dubbo-qos,org.apache.dubbo.qos.command.impl,Online,86,0,12,0,24,0,8,0,2,0
dubbo-demo-xml-provider/dubbo-qos,org.apache.dubbo.qos.command.impl,Quit,5,0,0,0,2,0,2,0,2,0
dubbo-demo-xml-provider/dubbo-qos,org.apache.dubbo.qos.command.impl,Help,196,0,14,0,26,0,12,0,5,0
dubbo-demo-xml-provider/dubbo-qos,org.apache.dubbo.qos.command.impl,Ls,195,0,6,0,25,0,7,0,4,0
dubbo-demo-xml-provider/dubbo-qos,org.apache.dubbo.qos.command.impl,Help.new Comparator() {...},24,0,0,0,4,0,2,0,2,0
dubbo-demo-xml-provider/dubbo-qos,org.apache.dubbo.qos.command.impl,Offline,88,0,14,0,24,0,9,0,2,0
dubbo-demo-xml-provider/dubbo-qos,org.apache.dubbo.qos.command.decoder,TelnetCommandDecoder,44,0,4,0,11,0,4,0,2,0
dubbo-demo-xml-provider/dubbo-qos,org.apache.dubbo.qos.command.decoder,HttpCommandDecoder,139,0,18,0,34,0,11,0,2,0
dubbo-demo-xml-provider/dubbo-qos,org.apache.dubbo.qos.server.handler,HttpProcessHandler,178,0,2,0,40,0,7,0,6,0
dubbo-demo-xml-provider/dubbo-qos,org.apache.dubbo.qos.server.handler,QosProcessHandler.new Runnable() {...},30,0,2,0,5,0,3,0,2,0
dubbo-demo-xml-provider/dubbo-qos,org.apache.dubbo.qos.server.handler,LocalHostPermitHandler,27,0,4,0,9,0,4,0,2,0
dubbo-demo-xml-provider/dubbo-qos,org.apache.dubbo.qos.server.handler,QosProcessHandler,188,0,14,0,30,0,12,0,5,0
dubbo-demo-xml-provider/dubbo-qos,org.apache.dubbo.qos.server.handler,TelnetProcessHandler,117,0,4,0,22,0,6,0,4,0
dubbo-demo-xml-provider/dubbo-qos,org.apache.dubbo.qos.command,NoSuchCommandException,11,0,0,0,2,0,1,0,1,0
dubbo-demo-xml-provider/dubbo-qos,org.apache.dubbo.qos.command,DefaultCommandExecutor,28,0,2,0,8,0,3,0,2,0
dubbo-demo-xml-provider/dubbo-qos,org.apache.dubbo.qos.command,CommandContext,53,0,0,0,23,0,12,0,12,0
dubbo-demo-xml-provider/dubbo-qos,org.apache.dubbo.qos.command,CommandContextFactory,15,0,0,0,3,0,3,0,3,0
